<?xml version="1.0" encoding="UTF-8"?>

<mule xmlns:ee="http://www.mulesoft.org/schema/mule/ee/core" xmlns:http="http://www.mulesoft.org/schema/mule/http"
	xmlns="http://www.mulesoft.org/schema/mule/core"
	xmlns:doc="http://www.mulesoft.org/schema/mule/documentation" xmlns:xsi="http://www.w3.org/2001/XMLSchema-instance" xsi:schemaLocation="http://www.mulesoft.org/schema/mule/core http://www.mulesoft.org/schema/mule/core/current/mule.xsd
http://www.mulesoft.org/schema/mule/http http://www.mulesoft.org/schema/mule/http/current/mule-http.xsd
http://www.mulesoft.org/schema/mule/ee/core http://www.mulesoft.org/schema/mule/ee/core/current/mule-ee.xsd">
	<http:listener-config name="HTTP_Listener_config" doc:name="HTTP Listener config" doc:id="3df10897-74db-4ce7-b134-d6c0b8a27cd1" >
		<http:listener-connection host="0.0.0.0" port="8081" />
	</http:listener-config>
	<flow name="test-api-flowFlow" doc:id="12ed6fa7-abe5-4ed6-9b62-ea450ac22f00" >
		<http:listener doc:name="Listener" doc:id="988161e2-d7bf-44de-911b-13a10a3ad77c" config-ref="HTTP_Listener_config" path="/test"/>
		<ee:transform doc:name="Transform Message" doc:id="f4acb6bb-c6b9-40bf-8e8c-49e3a7d6ecdb" >
			<ee:message >
				<ee:set-payload ><![CDATA[%dw 2.0
output application/json
---
"success"]]></ee:set-payload>
			</ee:message>
		</ee:transform>
	</flow>
	<flow name="test-api-flowFlow1" doc:id="ff1670b0-14e3-44ac-95da-efef512027da" >
		<logger level="INFO" doc:name="Logger" doc:id="8d0e1757-b953-42cd-9f93-397e8d4d8f53" />
	</flow>
</mule>
